{
  "stats": {
    "suites": 1,
    "tests": 1,
    "passes": 1,
    "pending": 0,
    "failures": 0,
    "start": "2022-07-01T21:36:51.610Z",
    "end": "2022-07-01T21:37:06.530Z",
    "duration": 14920,
    "testsRegistered": 1,
    "passPercent": 100,
    "pendingPercent": 0,
    "other": 0,
    "hasOther": false,
    "skipped": 0,
    "hasSkipped": false
  },
  "results": [
    {
      "uuid": "795558db-0742-4392-adb4-980977bff9f5",
      "title": "",
      "fullFile": "cypress/integration/homepage.spec.js",
      "file": "cypress/integration/homepage.spec.js",
      "beforeHooks": [],
      "afterHooks": [],
      "tests": [],
      "suites": [
        {
          "uuid": "232aadac-b4ac-4a0a-a357-0cce06f6b46b",
          "title": "Home Page assertions",
          "fullFile": "",
          "file": "",
          "beforeHooks": [],
          "afterHooks": [],
          "tests": [
            {
              "title": "it should check the page is loaded correctly",
              "fullTitle": "Home Page assertions it should check the page is loaded correctly",
              "timedOut": null,
              "duration": 14854,
              "state": "passed",
              "speed": "slow",
              "pass": true,
              "fail": false,
              "pending": false,
              "context": null,
              "code": "cy.get(selector.home_icon).click(); // Assertion to check we are on the main page\n// This assertion is checking the top header is visible\ncy.get(selector.nav_bar).should(\"be.visible\"); // This assertion is checking the two main blocks \"Discover\" and \"might Interested products\" are visible on the main page\ncy.get(\".home__block-components\").should(\"be.visible\").should(\"have.length\", 2); // Now we will check the functioanlity of an item selecion from \"product recommendation section\"\ncy.get(selector.recommended_products).find(selector.product_card).eq(0).scrollIntoView().trigger(\"mouseover\"); //quick add button and variant sliders should also be visible should be visible\ncy.get(selector.quick_add_button).should(\"be.visible\");",
              "err": {},
              "uuid": "e1209ed3-8a4c-4576-ad20-ec9ae2054c96",
              "parentUUID": "232aadac-b4ac-4a0a-a357-0cce06f6b46b",
              "isHook": false,
              "skipped": false
            }
          ],
          "suites": [],
          "passes": [
            "e1209ed3-8a4c-4576-ad20-ec9ae2054c96"
          ],
          "failures": [],
          "pending": [],
          "skipped": [],
          "duration": 14854,
          "root": false,
          "rootEmpty": false,
          "_timeout": 2000
        }
      ],
      "passes": [],
      "failures": [],
      "pending": [],
      "skipped": [],
      "duration": 0,
      "root": true,
      "rootEmpty": true,
      "_timeout": 2000
    }
  ],
  "meta": {
    "mocha": {
      "version": "7.0.1"
    },
    "mochawesome": {
      "options": {
        "quiet": false,
        "reportFilename": "mochawesome",
        "saveHtml": true,
        "saveJson": true,
        "consoleReporter": "spec",
        "useInlineDiffs": false,
        "code": true
      },
      "version": "6.3.1"
    },
    "marge": {
      "options": {
        "id": "default",
        "reportDir": "cypress/reports/mocha",
        "quite": true,
        "overwrite": false,
        "html": true,
        "json": true
      },
      "version": "5.2.0"
    }
  }
}